<?xml version="1.0" encoding="UTF-8"?>
<!-- Generated by org.testng.reporters.JUnitReportReporter -->
<testsuite hostname="SKY-20171031ESR" name="testBaidu.NewTest" tests="1" failures="0" timestamp="14 Mar 2019 01:05:09 GMT" time="0.016" errors="0">
  <testcase name="f" time="0.016" classname="testBaidu.NewTest"/>
</testsuite> <!-- testBaidu.NewTest -->
