<?xml version="1.0" encoding="UTF-8"?>
<!-- Generated by org.testng.reporters.JUnitReportReporter -->
<testsuite hostname="SKY-20171031ESR" name="testBaidu.testBaidu" tests="1" failures="0" timestamp="14 Mar 2019 01:11:19 GMT" time="1.509" errors="0">
  <testcase name="login" time="1.509" classname="testBaidu.testBaidu"/>
</testsuite> <!-- testBaidu.testBaidu -->
